<?xml version="1.0" encoding="UTF-8"?>
<testng-results skipped="0" failed="0" ignored="0" total="2" passed="2">
  <reporter-output>
  </reporter-output>
  <suite name="Google Suite" duration-ms="17667" started-at="2022-09-15T01:26:20Z" finished-at="2022-09-15T01:26:37Z">
    <groups>
    </groups>
    <test name="Google Test" duration-ms="17667" started-at="2022-09-15T01:26:20Z" finished-at="2022-09-15T01:26:37Z">
      <class name="a2_sampleTest.GoogleTest">
        <test-method status="PASS" signature="validateBing()[pri:0, instance:a2_sampleTest.GoogleTest@1213b92]" name="validateBing" duration-ms="17659" started-at="2022-09-15T06:56:20Z" finished-at="2022-09-15T06:56:37Z">
          <reporter-output>
          </reporter-output>
        </test-method> <!-- validateBing -->
      </class> <!-- a2_sampleTest.GoogleTest -->
    </test> <!-- Google Test -->
  </suite> <!-- Google Suite -->
  <suite name="allSuites" duration-ms="0" started-at="2022-09-15T01:26:38Z" finished-at="2022-09-15T01:26:38Z">
    <groups>
    </groups>
  </suite> <!-- allSuites -->
  <suite name="Bing Suite" duration-ms="16001" started-at="2022-09-15T01:26:04Z" finished-at="2022-09-15T01:26:20Z">
    <groups>
    </groups>
    <test name="Bing Test" duration-ms="16001" started-at="2022-09-15T01:26:04Z" finished-at="2022-09-15T01:26:20Z">
      <class name="a1_sampleTest.BingTest">
        <test-method status="PASS" signature="validateBing()[pri:0, instance:a1_sampleTest.BingTest@1805618]" name="validateBing" duration-ms="15934" started-at="2022-09-15T06:56:04Z" finished-at="2022-09-15T06:56:20Z">
          <reporter-output>
          </reporter-output>
        </test-method> <!-- validateBing -->
      </class> <!-- a1_sampleTest.BingTest -->
    </test> <!-- Bing Test -->
  </suite> <!-- Bing Suite -->
</testng-results>
